Sun Dec 22 13:02:46 2019 [INFO]: mysql connect sucessful
Sun Dec 22 13:02:46 2019 [INFO]: open fifo success
Sun Dec 22 13:02:46 2019 [INFO]: epoll events create success
Sun Dec 22 13:03:05 2019 [INFO]: [Login] IP: Username:root
Sun Dec 22 13:03:05 2019 [INFO]: 1 1
Sun Dec 22 13:03:05 2019 [INFO]: [Login Success]
Sun Dec 22 13:03:06 2019 [INFO]: [SYN Req] Uid:1, path:/
Sun Dec 22 13:03:06 2019 [INFO]: [SYN Req Success]
Sun Dec 22 13:03:06 2019 [INFO]: p->Session=1
Sun Dec 22 13:03:06 2019 [INFO]: p->name=a
Sun Dec 22 13:03:06 2019 [INFO]: p->id=0
Sun Dec 22 13:03:06 2019 [INFO]: p->size=0
Sun Dec 22 13:03:06 2019 [INFO]: p->time=2019-12-22 12:53:35
Sun Dec 22 13:03:06 2019 [INFO]: p->isFile=0
Sun Dec 22 13:03:06 2019 [INFO]: write SYNPushbody
Sun Dec 22 13:03:06 2019 [INFO]: p->Session=1
Sun Dec 22 13:03:06 2019 [INFO]: p->name=test_dir_2
Sun Dec 22 13:03:06 2019 [INFO]: p->id=1
Sun Dec 22 13:03:06 2019 [INFO]: p->size=0
Sun Dec 22 13:03:06 2019 [INFO]: p->time=2019-12-22 10:43:29
Sun Dec 22 13:03:06 2019 [INFO]: p->isFile=0
Sun Dec 22 13:03:06 2019 [INFO]: write SYNPushbody
Sun Dec 22 13:03:06 2019 [INFO]: p->Session=1
Sun Dec 22 13:03:06 2019 [INFO]: p->name=123
Sun Dec 22 13:03:06 2019 [INFO]: p->id=2
Sun Dec 22 13:03:06 2019 [INFO]: p->size=0
Sun Dec 22 13:03:06 2019 [INFO]: p->time=2019-12-22 10:15:06
Sun Dec 22 13:03:06 2019 [INFO]: p->isFile=0
Sun Dec 22 13:03:06 2019 [INFO]: write SYNPushbody
Sun Dec 22 13:03:06 2019 [INFO]: p->Session=1
Sun Dec 22 13:03:06 2019 [INFO]: p->name=dir
Sun Dec 22 13:03:06 2019 [INFO]: p->id=3
Sun Dec 22 13:03:06 2019 [INFO]: p->size=0
Sun Dec 22 13:03:06 2019 [INFO]: p->time=2019-12-22 09:49:43
Sun Dec 22 13:03:06 2019 [INFO]: p->isFile=0
Sun Dec 22 13:03:06 2019 [INFO]: write SYNPushbody
Sun Dec 22 13:03:06 2019 [INFO]: p->Session=1
Sun Dec 22 13:03:06 2019 [INFO]: p->name=test.txt
Sun Dec 22 13:03:06 2019 [INFO]: p->id=4
Sun Dec 22 13:03:06 2019 [INFO]: p->size=100
Sun Dec 22 13:03:06 2019 [INFO]: p->time=2019-12-21 20:49:25
Sun Dec 22 13:03:06 2019 [INFO]: p->isFile=1
Sun Dec 22 13:03:06 2019 [INFO]: write SYNPushbody
Sun Dec 22 13:03:06 2019 [INFO]: send SYNPUSH
Sun Dec 22 13:03:06 2019 [INFO]: send SYNPUSH
Sun Dec 22 13:03:06 2019 [INFO]: send SYNPUSH
Sun Dec 22 13:03:06 2019 [INFO]: send SYNPUSH
Sun Dec 22 13:03:06 2019 [INFO]: send SYNPUSH
Sun Dec 22 13:03:12 2019 [INFO]: [SYN Req] Uid:1, path:/dir/
Sun Dec 22 13:03:12 2019 [INFO]: [SYN Req Success]
Sun Dec 22 13:03:19 2019 [INFO]: [Mkdir Req] Uid:1, DirName:subdir, Path:/dir/
Sun Dec 22 13:03:19 2019 [INFO]: [Mkdir Req Success]
Sun Dec 22 13:03:21 2019 [INFO]: [SYN Req] Uid:1, path:/dir/
Sun Dec 22 13:03:21 2019 [INFO]: [SYN Req Success]
Sun Dec 22 13:03:21 2019 [INFO]: p->Session=1
Sun Dec 22 13:03:21 2019 [INFO]: p->name=subdir
Sun Dec 22 13:03:21 2019 [INFO]: p->id=0
Sun Dec 22 13:03:21 2019 [INFO]: p->size=0
Sun Dec 22 13:03:21 2019 [INFO]: p->time=2019-12-22 13:03:19
Sun Dec 22 13:03:21 2019 [INFO]: p->isFile=0
Sun Dec 22 13:03:21 2019 [INFO]: write SYNPushbody
Sun Dec 22 13:03:21 2019 [INFO]: send SYNPUSH
Sun Dec 22 13:03:32 2019 [INFO]: [Mkdir Req] Uid:1, DirName:dgvsfddgfgdgh, Path:/dir/
Sun Dec 22 13:03:32 2019 [INFO]: [Mkdir Req Success]
Sun Dec 22 13:03:33 2019 [INFO]: [SYN Req] Uid:1, path:/dir/
Sun Dec 22 13:03:33 2019 [INFO]: [SYN Req Success]
Sun Dec 22 13:03:33 2019 [INFO]: p->Session=1
Sun Dec 22 13:03:33 2019 [INFO]: p->name=dgvsfddgfgdgh
Sun Dec 22 13:03:33 2019 [INFO]: p->id=0
Sun Dec 22 13:03:33 2019 [INFO]: p->size=0
Sun Dec 22 13:03:33 2019 [INFO]: p->time=2019-12-22 13:03:32
Sun Dec 22 13:03:33 2019 [INFO]: p->isFile=0
Sun Dec 22 13:03:33 2019 [INFO]: write SYNPushbody
Sun Dec 22 13:03:33 2019 [INFO]: p->Session=1
Sun Dec 22 13:03:33 2019 [INFO]: p->name=subdir
Sun Dec 22 13:03:33 2019 [INFO]: p->id=1
Sun Dec 22 13:03:33 2019 [INFO]: p->size=0
Sun Dec 22 13:03:33 2019 [INFO]: p->time=2019-12-22 13:03:19
Sun Dec 22 13:03:33 2019 [INFO]: p->isFile=0
Sun Dec 22 13:03:33 2019 [INFO]: write SYNPushbody
Sun Dec 22 13:03:33 2019 [INFO]: send SYNPUSH
Sun Dec 22 13:03:33 2019 [INFO]: send SYNPUSH
Sun Dec 22 13:03:35 2019 [INFO]: [SYN Req] Uid:1, path:/
Sun Dec 22 13:03:35 2019 [INFO]: [SYN Req Success]
Sun Dec 22 13:03:35 2019 [INFO]: p->Session=1
Sun Dec 22 13:03:35 2019 [INFO]: p->name=a
Sun Dec 22 13:03:35 2019 [INFO]: p->id=0
Sun Dec 22 13:03:35 2019 [INFO]: p->size=0
Sun Dec 22 13:03:35 2019 [INFO]: p->time=2019-12-22 12:53:35
Sun Dec 22 13:03:35 2019 [INFO]: p->isFile=0
Sun Dec 22 13:03:35 2019 [INFO]: write SYNPushbody
Sun Dec 22 13:03:35 2019 [INFO]: p->Session=1
Sun Dec 22 13:03:35 2019 [INFO]: p->name=test_dir_2
Sun Dec 22 13:03:35 2019 [INFO]: p->id=1
Sun Dec 22 13:03:35 2019 [INFO]: p->size=0
Sun Dec 22 13:03:35 2019 [INFO]: p->time=2019-12-22 10:43:29
Sun Dec 22 13:03:35 2019 [INFO]: p->isFile=0
Sun Dec 22 13:03:35 2019 [INFO]: write SYNPushbody
Sun Dec 22 13:03:35 2019 [INFO]: p->Session=1
Sun Dec 22 13:03:35 2019 [INFO]: p->name=123
Sun Dec 22 13:03:35 2019 [INFO]: p->id=2
Sun Dec 22 13:03:35 2019 [INFO]: p->size=0
Sun Dec 22 13:03:35 2019 [INFO]: p->time=2019-12-22 10:15:06
Sun Dec 22 13:03:35 2019 [INFO]: p->isFile=0
Sun Dec 22 13:03:35 2019 [INFO]: write SYNPushbody
Sun Dec 22 13:03:35 2019 [INFO]: p->Session=1
Sun Dec 22 13:03:35 2019 [INFO]: p->name=dir
Sun Dec 22 13:03:35 2019 [INFO]: p->id=3
Sun Dec 22 13:03:35 2019 [INFO]: p->size=0
Sun Dec 22 13:03:35 2019 [INFO]: p->time=2019-12-22 09:49:43
Sun Dec 22 13:03:35 2019 [INFO]: p->isFile=0
Sun Dec 22 13:03:35 2019 [INFO]: write SYNPushbody
Sun Dec 22 13:03:35 2019 [INFO]: p->Session=1
Sun Dec 22 13:03:35 2019 [INFO]: p->name=test.txt
Sun Dec 22 13:03:35 2019 [INFO]: p->id=4
Sun Dec 22 13:03:35 2019 [INFO]: p->size=100
Sun Dec 22 13:03:35 2019 [INFO]: p->time=2019-12-21 20:49:25
Sun Dec 22 13:03:35 2019 [INFO]: p->isFile=1
Sun Dec 22 13:03:35 2019 [INFO]: write SYNPushbody
Sun Dec 22 13:03:35 2019 [INFO]: send SYNPUSH
Sun Dec 22 13:03:35 2019 [INFO]: send SYNPUSH
Sun Dec 22 13:03:35 2019 [INFO]: send SYNPUSH
Sun Dec 22 13:03:35 2019 [INFO]: send SYNPUSH
Sun Dec 22 13:03:35 2019 [INFO]: send SYNPUSH
Sun Dec 22 13:03:37 2019 [INFO]: [SYN Req] Uid:1, path:/test_dir_2/
Sun Dec 22 13:03:37 2019 [INFO]: [SYN Req Success]
Sun Dec 22 13:03:49 2019 [INFO]: [Mkdir Req] Uid:1, DirName:²ÝËûÂèµÄ, Path:/test_dir_2/
Sun Dec 22 13:03:49 2019 [INFO]: [Mkdir Req Success]
Sun Dec 22 13:03:50 2019 [INFO]: [SYN Req] Uid:1, path:/test_dir_2/
Sun Dec 22 13:03:50 2019 [INFO]: [SYN Req Success]
Sun Dec 22 13:03:50 2019 [INFO]: p->Session=1
Sun Dec 22 13:03:50 2019 [INFO]: p->name=²ÝËûÂèµÄ
Sun Dec 22 13:03:50 2019 [INFO]: p->id=0
Sun Dec 22 13:03:50 2019 [INFO]: p->size=0
Sun Dec 22 13:03:50 2019 [INFO]: p->time=2019-12-22 13:03:49
Sun Dec 22 13:03:50 2019 [INFO]: p->isFile=0
Sun Dec 22 13:03:50 2019 [INFO]: write SYNPushbody
Sun Dec 22 13:03:50 2019 [INFO]: send SYNPUSH
Sun Dec 22 13:17:49 2019 [INFO]: [Register] IP:wö Username:huxuan
Sun Dec 22 13:17:49 2019 [INFO]: [Register Failed]
Sun Dec 22 13:18:18 2019 [INFO]: [Register] IP:wö Username:xuanhu
Sun Dec 22 13:18:18 2019 [INFO]: [Register Success]
Sun Dec 22 13:31:09 2019 [INFO]: [Login] IP: Username:huxuan
Sun Dec 22 13:31:09 2019 [INFO]: 2 2
Sun Dec 22 13:31:09 2019 [INFO]: [Login Success]
Sun Dec 22 13:31:11 2019 [INFO]: [SYN Req] Uid:2, path:/
Sun Dec 22 13:31:11 2019 [INFO]: [SYN Req Success]
